This is pdfTeX, Version 3.14159265-2.6-1.40.18 (TeX Live 2017/Debian) (preloaded format=pdflatex 2020.2.19)  21 FEB 2020 19:29
entering extended mode
 restricted \write18 enabled.
 %&-line parsing enabled.
**&pdflatex prv_main.ini \nonstopmode\nofiles\PassOptionsToPackage{active,tightpage,auctex}{preview}\AtBeginDocument{\ifx\ifPreview\undefined\RequirePackage[displaymath,floats,graphics,textmath,sections,footnotes]{preview}[2004/11/05]\fi} \input \detokenize{ main.tex }
(./prv_main.ini
LaTeX2e <2017-04-15>
Babel <3.18> and hyphenation patterns for 84 language(s) loaded.
(/usr/share/texlive/texmf-dist/tex/latex/carlisle/mylatex.ltx) (/usr/share/texlive/texmf-dist/tex/latex/tools/.tex File ignored))
No auxiliary output files.

(./main.tex

LaTeX Warning: File `example.eps' already exists on the system.
               Not generating it from this source.

(/usr/share/texlive/texmf-dist/tex/latex/base/fix-cm.sty
Package: fix-cm 2015/01/14 v1.1t fixes to LaTeX
 (/usr/share/texlive/texmf-dist/tex/latex/base/ts1enc.def
File: ts1enc.def 2001/06/05 v3.0e (jk/car/fm) Standard LaTeX file
)) (./svjour3.cls
Document Class: svjour3 2007/05/08 v3.2 
LaTeX document class for Springer journals
(/usr/share/texlive/texmf-dist/tex/latex/base/fleqn.clo
File: fleqn.clo 2016/12/29 v1.2a Standard LaTeX option (flush left equations)
\mathindent=\dimen102
Applying: [2015/01/01] Make \[ robust on input line 50.
LaTeX Info: Redefining \[ on input line 51.
Already applied: [0000/00/00] Make \[ robust on input line 62.
Applying: [2015/01/01] Make \] robust on input line 74.
LaTeX Info: Redefining \] on input line 75.
Already applied: [0000/00/00] Make \] robust on input line 83.
)
Class Springer-SVJour3 Info: extra/valid Springer sub-package (-> *.clo) 
(Springer-SVJour3)           not found in option list of \documentclass
(Springer-SVJour3)           - autoactivating "global" style.
 (./svglov3.clo
File: svglov3.clo 2009/12/18 v3.2 style option for standardised journals

SVJour Class option: svglov3.clo for standardised journals
)
LaTeX Font Info:    Redeclaring math symbol \Gamma on input line 147.
LaTeX Font Info:    Redeclaring math symbol \Delta on input line 148.
LaTeX Font Info:    Redeclaring math symbol \Theta on input line 149.
LaTeX Font Info:    Redeclaring math symbol \Lambda on input line 150.
LaTeX Font Info:    Redeclaring math symbol \Xi on input line 151.
LaTeX Font Info:    Redeclaring math symbol \Pi on input line 152.
LaTeX Font Info:    Redeclaring math symbol \Sigma on input line 153.
LaTeX Font Info:    Redeclaring math symbol \Upsilon on input line 154.
LaTeX Font Info:    Redeclaring math symbol \Phi on input line 155.
LaTeX Font Info:    Redeclaring math symbol \Psi on input line 156.
LaTeX Font Info:    Redeclaring math symbol \Omega on input line 157.
\logodepth=\dimen103
\headerboxheight=\dimen104
\betweenumberspace=\dimen105
\aftertext=\dimen106
\headlineindent=\dimen107
\c@inst=\count79
\c@auth=\count80
\instindent=\dimen108
\authrun=\box26
\authorrunning=\toks14
\titrun=\box27
\titlerunning=\toks15
\combirun=\box28
\c@lastpage=\count81
\rubricwidth=\dimen109
\c@section=\count82
\c@subsection=\count83
\c@subsubsection=\count84
\c@paragraph=\count85
\c@subparagraph=\count86
\spthmsep=\dimen110
\c@theorem=\count87
\c@case=\count88
\c@conjecture=\count89
\c@corollary=\count90
\c@definition=\count91
\c@example=\count92
\c@exercise=\count93
\c@lemma=\count94
\c@note=\count95
\c@problem=\count96
\c@property=\count97
\c@proposition=\count98
\c@question=\count99
\c@solution=\count100
\c@remark=\count101
\c@figure=\count102
\c@table=\count103
\abovecaptionskip=\skip41
\belowcaptionskip=\skip42
\figcapgap=\dimen111
\tabcapgap=\dimen112
\figgap=\dimen113
\bibindent=\dimen114
\@tempcntc=\count104
) (/usr/share/texlive/texmf-dist/tex/latex/subfig/subfig.sty
Package: subfig 2005/06/28 ver: 1.3 subfig package
 (/usr/share/texlive/texmf-dist/tex/latex/graphics/keyval.sty
Package: keyval 2014/10/28 v1.15 key=value parser (DPC)
\KV@toks@=\toks16
) (/usr/share/texlive/texmf-dist/tex/latex/caption/caption.sty
Package: caption 2016/02/21 v3.3-144 Customizing captions (AR)
 (/usr/share/texlive/texmf-dist/tex/latex/caption/caption3.sty
Package: caption3 2016/05/22 v1.7-166 caption3 kernel (AR)
Package caption3 Info: TeX engine: e-TeX on input line 67.
\captionmargin=\dimen115
\captionmargin@=\dimen116
\captionwidth=\dimen117
\caption@tempdima=\dimen118
\caption@indent=\dimen119
\caption@parindent=\dimen120
\caption@hangindent=\dimen121
Package caption Info: Unknown document class (or package),
(caption)             standard defaults will be used.
)

Package caption Warning: Unsupported document class (or package) detected,
(caption)                usage of the caption package is not recommended.
See the caption package documentation for explanation.

Package caption Info: \@makecaption = \long macro:#1#2->\captionstyle \ifx \@captype \fig@type \vskip \figcapgap \fi \setbox \@tempboxa \hbox {{\floatlegendstyle #1\floatcounterend }\capstrut #2}\ifdim \wd \@tempboxa >\hsize {\floatlegendstyle #1\floatcounterend }\capstrut #2\par \else \hbox to\hsize {\leftlegendglue \unhbox \@tempboxa \hfil }\fi \ifx \@captype \fig@type \else \vskip \tabcapgap \fi .
\c@ContinuedFloat=\count105
)
\c@KVtest=\count106
\sf@farskip=\skip43
\sf@captopadj=\dimen122
\sf@capskip=\skip44
\sf@nearskip=\skip45
\c@subfigure=\count107
\c@subfigure@save=\count108
\c@lofdepth=\count109
\c@subtable=\count110
\c@subtable@save=\count111
\c@lotdepth=\count112
\sf@top=\skip46
\sf@bottom=\skip47
) (/usr/share/texlive/texmf-dist/tex/latex/psnfss/mathptmx.sty
Package: mathptmx 2005/04/12 PSNFSS-v9.2a Times w/ Math, improved (SPQR, WaS) 
LaTeX Font Info:    Redeclaring symbol font `operators' on input line 28.
LaTeX Font Info:    Overwriting symbol font `operators' in version `normal'
(Font)                  OT1/cmr/m/n --> OT1/ztmcm/m/n on input line 28.
LaTeX Font Info:    Overwriting symbol font `operators' in version `bold'
(Font)                  OT1/cmr/bx/n --> OT1/ztmcm/m/n on input line 28.
LaTeX Font Info:    Redeclaring symbol font `letters' on input line 29.
LaTeX Font Info:    Overwriting symbol font `letters' in version `normal'
(Font)                  OML/cmm/m/it --> OML/ztmcm/m/it on input line 29.
LaTeX Font Info:    Overwriting symbol font `letters' in version `bold'
(Font)                  OML/cmm/b/it --> OML/ztmcm/m/it on input line 29.
LaTeX Font Info:    Redeclaring symbol font `symbols' on input line 30.
LaTeX Font Info:    Overwriting symbol font `symbols' in version `normal'
(Font)                  OMS/cmsy/m/n --> OMS/ztmcm/m/n on input line 30.
LaTeX Font Info:    Overwriting symbol font `symbols' in version `bold'
(Font)                  OMS/cmsy/b/n --> OMS/ztmcm/m/n on input line 30.
LaTeX Font Info:    Redeclaring symbol font `largesymbols' on input line 31.
LaTeX Font Info:    Overwriting symbol font `largesymbols' in version `normal'
(Font)                  OMX/cmex/m/n --> OMX/ztmcm/m/n on input line 31.
LaTeX Font Info:    Overwriting symbol font `largesymbols' in version `bold'
(Font)                  OMX/cmex/m/n --> OMX/ztmcm/m/n on input line 31.
\symbold=\mathgroup4
\symitalic=\mathgroup5
LaTeX Font Info:    Redeclaring math alphabet \mathbf on input line 34.
LaTeX Font Info:    Overwriting math alphabet `\mathbf' in version `normal'
(Font)                  OT1/cmr/bx/n --> OT1/ptm/bx/n on input line 34.
LaTeX Font Info:    Overwriting math alphabet `\mathbf' in version `bold'
(Font)                  OT1/cmr/bx/n --> OT1/ptm/bx/n on input line 34.
LaTeX Font Info:    Redeclaring math alphabet \mathit on input line 35.
LaTeX Font Info:    Overwriting math alphabet `\mathit' in version `normal'
(Font)                  OT1/cmr/m/it --> OT1/ptm/m/it on input line 35.
LaTeX Font Info:    Overwriting math alphabet `\mathit' in version `bold'
(Font)                  OT1/cmr/bx/it --> OT1/ptm/m/it on input line 35.
LaTeX Info: Redefining \hbar on input line 50.
) (/usr/share/texlive/texmf-dist/tex/latex/amsfonts/amssymb.sty
Package: amssymb 2013/01/14 v3.01 AMS font symbols
 (/usr/share/texlive/texmf-dist/tex/latex/amsfonts/amsfonts.sty
Package: amsfonts 2013/01/14 v3.01 Basic AMSFonts support
\@emptytoks=\toks17
\symAMSa=\mathgroup6
\symAMSb=\mathgroup7
LaTeX Font Info:    Overwriting math alphabet `\mathfrak' in version `bold'
(Font)                  U/euf/m/n --> U/euf/b/n on input line 106.
)) (/usr/share/texlive/texmf-dist/tex/latex/amsmath/amsmath.sty
Package: amsmath 2017/09/02 v2.17a AMS math features
\@mathmargin=\skip48

For additional information on amsmath, use the `?' option.
(/usr/share/texlive/texmf-dist/tex/latex/amsmath/amstext.sty
Package: amstext 2000/06/29 v2.01 AMS text
 (/usr/share/texlive/texmf-dist/tex/latex/amsmath/amsgen.sty
File: amsgen.sty 1999/11/30 v2.0 generic functions
\@emptytoks=\toks18
\ex@=\dimen123
)) (/usr/share/texlive/texmf-dist/tex/latex/amsmath/amsbsy.sty
Package: amsbsy 1999/11/29 v1.2d Bold Symbols
\pmbraise@=\dimen124
) (/usr/share/texlive/texmf-dist/tex/latex/amsmath/amsopn.sty
Package: amsopn 2016/03/08 v2.02 operator names
)
\inf@bad=\count113
LaTeX Info: Redefining \frac on input line 213.
\uproot@=\count114
\leftroot@=\count115
LaTeX Info: Redefining \overline on input line 375.
\classnum@=\count116
\DOTSCASE@=\count117
LaTeX Info: Redefining \ldots on input line 472.
LaTeX Info: Redefining \dots on input line 475.
LaTeX Info: Redefining \cdots on input line 596.
\Mathstrutbox@=\box29
\strutbox@=\box30
\big@size=\dimen125
LaTeX Font Info:    Redeclaring font encoding OML on input line 712.
LaTeX Font Info:    Redeclaring font encoding OMS on input line 713.


Package amsmath Warning: Unable to redefine math accent \vec.

\macc@depth=\count118
\c@MaxMatrixCols=\count119
\dotsspace@=\muskip10
\c@parentequation=\count120
\dspbrk@lvl=\count121
\tag@help=\toks19
\row@=\count122
\column@=\count123
\maxfields@=\count124
\andhelp@=\toks20
\eqnshift@=\dimen126
\alignsep@=\dimen127
\tagshift@=\dimen128
\tagwidth@=\dimen129
\totwidth@=\dimen130
\lineht@=\dimen131
\@envbody=\toks21
\multlinegap=\skip49
\multlinetaggap=\skip50
\mathdisplay@stack=\toks22
LaTeX Info: Redefining \[ on input line 2817.
LaTeX Info: Redefining \] on input line 2818.
) (/usr/share/texlive/texmf-dist/tex/latex/oberdiek/epstopdf.sty
Package: epstopdf 2016/05/15 v2.6 Conversion with epstopdf on the fly (HO)
 (/usr/share/texlive/texmf-dist/tex/latex/oberdiek/epstopdf-base.sty
Package: epstopdf-base 2016/05/15 v2.6 Base part for package epstopdf
 (/usr/share/texlive/texmf-dist/tex/generic/oberdiek/infwarerr.sty
Package: infwarerr 2016/05/16 v1.4 Providing info/warning/error messages (HO)
) (/usr/share/texlive/texmf-dist/tex/latex/oberdiek/grfext.sty
Package: grfext 2016/05/16 v1.2 Manage graphics extensions (HO)
 (/usr/share/texlive/texmf-dist/tex/generic/oberdiek/kvdefinekeys.sty
Package: kvdefinekeys 2016/05/16 v1.4 Define keys (HO)
 (/usr/share/texlive/texmf-dist/tex/generic/oberdiek/ltxcmds.sty
Package: ltxcmds 2016/05/16 v1.23 LaTeX kernel commands for general use (HO)
))) (/usr/share/texlive/texmf-dist/tex/latex/oberdiek/kvoptions.sty
Package: kvoptions 2016/05/16 v3.12 Key value format for package options (HO)
 (/usr/share/texlive/texmf-dist/tex/generic/oberdiek/kvsetkeys.sty
Package: kvsetkeys 2016/05/16 v1.17 Key value parser (HO)
 (/usr/share/texlive/texmf-dist/tex/generic/oberdiek/etexcmds.sty
Package: etexcmds 2016/05/16 v1.6 Avoid name clashes with e-TeX commands (HO)
 (/usr/share/texlive/texmf-dist/tex/generic/oberdiek/ifluatex.sty
Package: ifluatex 2016/05/16 v1.4 Provides the ifluatex switch (HO)
Package ifluatex Info: LuaTeX not detected.
)
Package etexcmds Info: Could not find \expanded.
(etexcmds)             That can mean that you are not using pdfTeX 1.50 or
(etexcmds)             that some package has redefined \expanded.
(etexcmds)             In the latter case, load this package earlier.
))) (/usr/share/texlive/texmf-dist/tex/generic/oberdiek/pdftexcmds.sty
Package: pdftexcmds 2018/01/21 v0.26 Utility functions of pdfTeX for LuaTeX (HO)
 (/usr/share/texlive/texmf-dist/tex/generic/oberdiek/ifpdf.sty
Package: ifpdf 2017/03/15 v3.2 Provides the ifpdf switch
)
Package pdftexcmds Info: LuaTeX not detected.
Package pdftexcmds Info: \pdf@primitive is available.
Package pdftexcmds Info: \pdf@ifprimitive is available.
Package pdftexcmds Info: \pdfdraftmode found.
)

Package epstopdf Warning: No graphics package `graphic{s,x}' loaded.

)) (/usr/share/texlive/texmf-dist/tex/latex/jknapltx/mathrsfs.sty
Package: mathrsfs 1996/01/01 Math RSFS package v1.0 (jk)
\symrsfs=\mathgroup8
) (/usr/share/texlive/texmf-dist/tex/latex/hyperref/hyperref.sty
Package: hyperref 2018/02/06 v6.86b Hypertext links for LaTeX
 (/usr/share/texlive/texmf-dist/tex/generic/oberdiek/hobsub-hyperref.sty
Package: hobsub-hyperref 2016/05/16 v1.14 Bundle oberdiek, subset hyperref (HO)
 (/usr/share/texlive/texmf-dist/tex/generic/oberdiek/hobsub-generic.sty
Package: hobsub-generic 2016/05/16 v1.14 Bundle oberdiek, subset generic (HO)
Package: hobsub 2016/05/16 v1.14 Construct package bundles (HO)
Package hobsub Info: Skipping package `infwarerr' (already loaded).
Package hobsub Info: Skipping package `ltxcmds' (already loaded).
Package hobsub Info: Skipping package `ifluatex' (already loaded).
Package: ifvtex 2016/05/16 v1.6 Detect VTeX and its facilities (HO)
Package ifvtex Info: VTeX not detected.
Package: intcalc 2016/05/16 v1.2 Expandable calculations with integers (HO)
Package hobsub Info: Skipping package `ifpdf' (already loaded).
Package hobsub Info: Skipping package `etexcmds' (already loaded).
Package hobsub Info: Skipping package `kvsetkeys' (already loaded).
Package hobsub Info: Skipping package `kvdefinekeys' (already loaded).
Package hobsub Info: Skipping package `pdftexcmds' (already loaded).
Package: pdfescape 2016/05/16 v1.14 Implements pdfTeX's escape features (HO)
Package: bigintcalc 2016/05/16 v1.4 Expandable calculations on big integers (HO)
Package: bitset 2016/05/16 v1.2 Handle bit-vector datatype (HO)
Package: uniquecounter 2016/05/16 v1.3 Provide unlimited unique counter (HO)
)
Package hobsub Info: Skipping package `hobsub' (already loaded).
Package: letltxmacro 2016/05/16 v1.5 Let assignment for LaTeX macros (HO)
Package: hopatch 2016/05/16 v1.3 Wrapper for package hooks (HO)
Package: xcolor-patch 2016/05/16 xcolor patch
Package: atveryend 2016/05/16 v1.9 Hooks at the very end of document (HO)
Package atveryend Info: \enddocument detected (standard20110627).
Package: atbegshi 2016/06/09 v1.18 At begin shipout hook (HO)
Package: refcount 2016/05/16 v3.5 Data extraction from label references (HO)
Package: hycolor 2016/05/16 v1.8 Color options for hyperref/bookmark (HO)
) (/usr/share/texlive/texmf-dist/tex/generic/ifxetex/ifxetex.sty
Package: ifxetex 2010/09/12 v0.6 Provides ifxetex conditional
) (/usr/share/texlive/texmf-dist/tex/latex/oberdiek/auxhook.sty
Package: auxhook 2016/05/16 v1.4 Hooks for auxiliary files (HO)


Package auxhook Warning: Cannot patch \document,
(auxhook)                using \AtBeginDocument instead.

)
\@linkdim=\dimen132
\Hy@linkcounter=\count125
\Hy@pagecounter=\count126
 (/usr/share/texlive/texmf-dist/tex/latex/hyperref/pd1enc.def
File: pd1enc.def 2018/02/06 v6.86b Hyperref: PDFDocEncoding definition (HO)
)
\Hy@SavedSpaceFactor=\count127
 (/usr/share/texlive/texmf-dist/tex/latex/latexconfig/hyperref.cfg
File: hyperref.cfg 2002/06/06 v1.2 hyperref configuration of TeXLive
)
Package hyperref Info: Hyper figures OFF on input line 4509.
Package hyperref Info: Link nesting OFF on input line 4514.
Package hyperref Info: Hyper index ON on input line 4517.
Package hyperref Info: Plain pages OFF on input line 4524.
Package hyperref Info: Backreferencing OFF on input line 4529.
Package hyperref Info: Implicit mode ON; LaTeX internals redefined.
Package hyperref Info: Bookmarks ON on input line 4762.
\c@Hy@tempcnt=\count128
 (/usr/share/texlive/texmf-dist/tex/latex/url/url.sty
\Urlmuskip=\muskip11
Package: url 2013/09/16  ver 3.4  Verb mode for urls, etc.
)
LaTeX Info: Redefining \url on input line 5115.
\XeTeXLinkMargin=\dimen133
\Fld@menulength=\count129
\Field@Width=\dimen134
\Fld@charsize=\dimen135
Package hyperref Info: Hyper figures OFF on input line 6369.
Package hyperref Info: Link nesting OFF on input line 6374.
Package hyperref Info: Hyper index ON on input line 6377.
Package hyperref Info: backreferencing OFF on input line 6384.
Package hyperref Info: Link coloring OFF on input line 6389.
Package hyperref Info: Link coloring with OCG OFF on input line 6394.
Package hyperref Info: PDF/A mode OFF on input line 6399.
LaTeX Info: Redefining \ref on input line 6439.
LaTeX Info: Redefining \pageref on input line 6443.
\Hy@abspage=\count130
\c@Item=\count131
\c@Hfootnote=\count132
)
Package hyperref Info: Driver (autodetected): hpdftex.
 (/usr/share/texlive/texmf-dist/tex/latex/hyperref/hpdftex.def
File: hpdftex.def 2018/02/06 v6.86b Hyperref driver for pdfTeX
\Fld@listcount=\count133
\c@bookmark@seq@number=\count134
 (/usr/share/texlive/texmf-dist/tex/latex/oberdiek/rerunfilecheck.sty
Package: rerunfilecheck 2016/05/16 v1.8 Rerun checks for auxiliary files (HO)
Package uniquecounter Info: New unique counter `rerunfilecheck' on input line 282.
)
\Hy@SectionHShift=\skip51
) (/usr/share/texlive/texmf-dist/tex/latex/enumitem/enumitem.sty
Package: enumitem 2011/09/28 v3.5.2 Customized lists
\labelindent=\skip52
\enit@outerparindent=\dimen136
\enit@toks=\toks23
\enit@inbox=\box31
\enitdp@description=\count135
) (/usr/share/texlive/texmf-dist/tex/latex/tools/array.sty
Package: array 2016/10/06 v2.4d Tabular extension package (FMi)
\col@sep=\dimen137
\extrarowheight=\dimen138
\NC@list=\toks24
\extratabsurround=\skip53
\backup@length=\skip54
) (/usr/share/texlive/texmf-dist/tex/latex/tools/tabularx.sty
Package: tabularx 2016/02/03 v2.11 `tabularx' package (DPC)
\TX@col@width=\dimen139
\TX@old@table=\dimen140
\TX@old@col=\dimen141
\TX@target=\dimen142
\TX@delta=\dimen143
\TX@cols=\count136
\TX@ftn=\toks25
) (/usr/share/texlive/texmf-dist/tex/latex/supertabular/supertabular.sty
Package: supertabular 2004/02/20 v4.1e the supertabular environment
\c@tracingst=\count137
\ST@wd=\dimen144
\ST@rightskip=\skip55
\ST@leftskip=\skip56
\ST@parfillskip=\skip57
\ST@pageleft=\dimen145
\ST@headht=\dimen146
\ST@tailht=\dimen147
\ST@pagesofar=\dimen148
\ST@pboxht=\dimen149
\ST@lineht=\dimen150
\ST@stretchht=\dimen151
\ST@prevht=\dimen152
\ST@toadd=\dimen153
\ST@dimen=\dimen154
\ST@pbox=\box32
) (/usr/share/texlive/texmf-dist/tex/latex/fancyhdr/fancyhdr.sty
Package: fancyhdr 2017/06/30 v3.9a Extensive control of page headers and footers
\f@nch@headwidth=\skip58
\f@nch@O@elh=\skip59
\f@nch@O@erh=\skip60
\f@nch@O@olh=\skip61
\f@nch@O@orh=\skip62
\f@nch@O@elf=\skip63
\f@nch@O@erf=\skip64
\f@nch@O@olf=\skip65
\f@nch@O@orf=\skip66
) (/usr/share/texlive/texmf-dist/tex/latex/multirow/multirow.sty
Package: multirow 2016/11/25 v2.2 Span multiple rows of a table
\multirow@colwidth=\skip67
\multirow@cntb=\count138
\multirow@dima=\skip68
\bigstrutjot=\dimen155
) (/usr/share/texlive/texmf-dist/tex/latex/graphics/color.sty
Package: color 2016/07/10 v1.1e Standard LaTeX Color (DPC)
 (/usr/share/texlive/texmf-dist/tex/latex/graphics-cfg/color.cfg
File: color.cfg 2016/01/02 v1.6 sample color configuration
)
Package color Info: Driver file: pdftex.def on input line 147.
 (/usr/share/texlive/texmf-dist/tex/latex/graphics-def/pdftex.def
File: pdftex.def 2018/01/08 v1.0l Graphics/color driver for pdftex
)) (/usr/share/texlive/texmf-dist/tex/latex/base/makeidx.sty
Package: makeidx 2014/09/29 v1.0m Standard LaTeX package
)
(/usr/share/texlive/texmf-dist/tex/generic/xstring/xstring.sty (/usr/share/texlive/texmf-dist/tex/generic/xstring/xstring.tex
\@xs@message=\write3
\integerpart=\count139
\decimalpart=\count140
)
Package: xstring 2013/10/13  v1.7c  String manipulations (C Tellechea)
) (/usr/share/texlive/texmf-dist/tex/latex/setspace/setspace.sty
Package: setspace 2011/12/19 v6.7a set line spacing
) (/usr/share/texlive/texmf-dist/tex/latex/graphics/epsfig.sty
Package: epsfig 2017/06/25 v1.7b (e)psfig emulation (SPQR)
 (/usr/share/texlive/texmf-dist/tex/latex/graphics/graphicx.sty
Package: graphicx 2017/06/01 v1.1a Enhanced LaTeX Graphics (DPC,SPQR)
 (/usr/share/texlive/texmf-dist/tex/latex/graphics/graphics.sty
Package: graphics 2017/06/25 v1.2c Standard LaTeX Graphics (DPC,SPQR)
 (/usr/share/texlive/texmf-dist/tex/latex/graphics/trig.sty
Package: trig 2016/01/03 v1.10 sin cos tan (DPC)
) (/usr/share/texlive/texmf-dist/tex/latex/graphics-cfg/graphics.cfg
File: graphics.cfg 2016/06/04 v1.11 sample graphics configuration
)
Package graphics Info: Driver file: pdftex.def on input line 99.
)
\Gin@req@height=\dimen156
\Gin@req@width=\dimen157
)
\epsfxsize=\dimen158
\epsfysize=\dimen159
) (/usr/share/texlive/texmf-dist/tex/latex/pgf/basiclayer/pgf.sty (/usr/share/texlive/texmf-dist/tex/latex/pgf/utilities/pgfrcs.sty (/usr/share/texlive/texmf-dist/tex/generic/pgf/utilities/pgfutil-common.tex
\pgfutil@everybye=\toks26
\pgfutil@tempdima=\dimen160
\pgfutil@tempdimb=\dimen161
 (/usr/share/texlive/texmf-dist/tex/generic/pgf/utilities/pgfutil-common-lists.tex)) (/usr/share/texlive/texmf-dist/tex/generic/pgf/utilities/pgfutil-latex.def
\pgfutil@abb=\box33
 (/usr/share/texlive/texmf-dist/tex/latex/ms/everyshi.sty
Package: everyshi 2001/05/15 v3.00 EveryShipout Package (MS)
))
(/usr/share/texlive/texmf-dist/tex/generic/pgf/utilities/pgfrcs.code.tex
Package: pgfrcs 2015/08/07 v3.0.1a (rcs-revision 1.31)
))
Package: pgf 2015/08/07 v3.0.1a (rcs-revision 1.15)
 (/usr/share/texlive/texmf-dist/tex/latex/pgf/basiclayer/pgfcore.sty (/usr/share/texlive/texmf-dist/tex/latex/pgf/systemlayer/pgfsys.sty (/usr/share/texlive/texmf-dist/tex/generic/pgf/systemlayer/pgfsys.code.tex
Package: pgfsys 2014/07/09 v3.0.1a (rcs-revision 1.48)
 (/usr/share/texlive/texmf-dist/tex/generic/pgf/utilities/pgfkeys.code.tex
\pgfkeys@pathtoks=\toks27
\pgfkeys@temptoks=\toks28
 (/usr/share/texlive/texmf-dist/tex/generic/pgf/utilities/pgfkeysfiltered.code.tex
\pgfkeys@tmptoks=\toks29
))
\pgf@x=\dimen162
\pgf@y=\dimen163
\pgf@xa=\dimen164
\pgf@ya=\dimen165
\pgf@xb=\dimen166
\pgf@yb=\dimen167
\pgf@xc=\dimen168
\pgf@yc=\dimen169
\w@pgf@writea=\write4
\r@pgf@reada=\read1
\c@pgf@counta=\count141
\c@pgf@countb=\count142
\c@pgf@countc=\count143
\c@pgf@countd=\count144
\t@pgf@toka=\toks30
\t@pgf@tokb=\toks31
\t@pgf@tokc=\toks32
 (/usr/share/texlive/texmf-dist/tex/generic/pgf/systemlayer/pgf.cfg
File: pgf.cfg 2008/05/14  (rcs-revision 1.7)
)
Driver file for pgf: pgfsys-pdftex.def
 (/usr/share/texlive/texmf-dist/tex/generic/pgf/systemlayer/pgfsys-pdftex.def
File: pgfsys-pdftex.def 2014/10/11  (rcs-revision 1.35)
 (/usr/share/texlive/texmf-dist/tex/generic/pgf/systemlayer/pgfsys-common-pdf.def
File: pgfsys-common-pdf.def 2013/10/10  (rcs-revision 1.13)
))) (/usr/share/texlive/texmf-dist/tex/generic/pgf/systemlayer/pgfsyssoftpath.code.tex
File: pgfsyssoftpath.code.tex 2013/09/09  (rcs-revision 1.9)
\pgfsyssoftpath@smallbuffer@items=\count145
\pgfsyssoftpath@bigbuffer@items=\count146
) (/usr/share/texlive/texmf-dist/tex/generic/pgf/systemlayer/pgfsysprotocol.code.tex
File: pgfsysprotocol.code.tex 2006/10/16  (rcs-revision 1.4)
)) (/usr/share/texlive/texmf-dist/tex/latex/xcolor/xcolor.sty
Package: xcolor 2016/05/11 v2.12 LaTeX color extensions (UK)
 (/usr/share/texlive/texmf-dist/tex/latex/graphics-cfg/color.cfg
File: color.cfg 2016/01/02 v1.6 sample color configuration
)
Package xcolor Info: Driver file: pdftex.def on input line 225.
LaTeX Info: Redefining \color on input line 709.
Package xcolor Info: Model `cmy' substituted by `cmy0' on input line 1348.
Package xcolor Info: Model `hsb' substituted by `rgb' on input line 1352.
Package xcolor Info: Model `RGB' extended on input line 1364.
Package xcolor Info: Model `HTML' substituted by `rgb' on input line 1366.
Package xcolor Info: Model `Hsb' substituted by `hsb' on input line 1367.
Package xcolor Info: Model `tHsb' substituted by `hsb' on input line 1368.
Package xcolor Info: Model `HSB' substituted by `hsb' on input line 1369.
Package xcolor Info: Model `Gray' substituted by `gray' on input line 1370.
Package xcolor Info: Model `wave' substituted by `hsb' on input line 1371.
)
(/usr/share/texlive/texmf-dist/tex/generic/pgf/basiclayer/pgfcore.code.tex
Package: pgfcore 2010/04/11 v3.0.1a (rcs-revision 1.7)
 (/usr/share/texlive/texmf-dist/tex/generic/pgf/math/pgfmath.code.tex (/usr/share/texlive/texmf-dist/tex/generic/pgf/math/pgfmathcalc.code.tex (/usr/share/texlive/texmf-dist/tex/generic/pgf/math/pgfmathutil.code.tex) (/usr/share/texlive/texmf-dist/tex/generic/pgf/math/pgfmathparser.code.tex
\pgfmath@dimen=\dimen170
\pgfmath@count=\count147
\pgfmath@box=\box34
\pgfmath@toks=\toks33
\pgfmath@stack@operand=\toks34
\pgfmath@stack@operation=\toks35
) (/usr/share/texlive/texmf-dist/tex/generic/pgf/math/pgfmathfunctions.code.tex (/usr/share/texlive/texmf-dist/tex/generic/pgf/math/pgfmathfunctions.basic.code.tex) (/usr/share/texlive/texmf-dist/tex/generic/pgf/math/pgfmathfunctions.trigonometric.code.tex) (/usr/share/texlive/texmf-dist/tex/generic/pgf/math/pgfmathfunctions.random.code.tex) (/usr/share/texlive/texmf-dist/tex/generic/pgf/math/pgfmathfunctions.comparison.code.tex) (/usr/share/texlive/texmf-dist/tex/generic/pgf/math/pgfmathfunctions.base.code.tex) (/usr/share/texlive/texmf-dist/tex/generic/pgf/math/pgfmathfunctions.round.code.tex)
(/usr/share/texlive/texmf-dist/tex/generic/pgf/math/pgfmathfunctions.misc.code.tex) (/usr/share/texlive/texmf-dist/tex/generic/pgf/math/pgfmathfunctions.integerarithmetics.code.tex))) (/usr/share/texlive/texmf-dist/tex/generic/pgf/math/pgfmathfloat.code.tex
\c@pgfmathroundto@lastzeros=\count148
)) (/usr/share/texlive/texmf-dist/tex/generic/pgf/basiclayer/pgfcorepoints.code.tex
File: pgfcorepoints.code.tex 2013/10/07  (rcs-revision 1.27)
\pgf@picminx=\dimen171
\pgf@picmaxx=\dimen172
\pgf@picminy=\dimen173
\pgf@picmaxy=\dimen174
\pgf@pathminx=\dimen175
\pgf@pathmaxx=\dimen176
\pgf@pathminy=\dimen177
\pgf@pathmaxy=\dimen178
\pgf@xx=\dimen179
\pgf@xy=\dimen180
\pgf@yx=\dimen181
\pgf@yy=\dimen182
\pgf@zx=\dimen183
\pgf@zy=\dimen184
) (/usr/share/texlive/texmf-dist/tex/generic/pgf/basiclayer/pgfcorepathconstruct.code.tex
File: pgfcorepathconstruct.code.tex 2013/10/07  (rcs-revision 1.29)
\pgf@path@lastx=\dimen185
\pgf@path@lasty=\dimen186
) (/usr/share/texlive/texmf-dist/tex/generic/pgf/basiclayer/pgfcorepathusage.code.tex
File: pgfcorepathusage.code.tex 2014/11/02  (rcs-revision 1.24)
\pgf@shorten@end@additional=\dimen187
\pgf@shorten@start@additional=\dimen188
) (/usr/share/texlive/texmf-dist/tex/generic/pgf/basiclayer/pgfcorescopes.code.tex
File: pgfcorescopes.code.tex 2015/05/08  (rcs-revision 1.46)
\pgfpic=\box35
\pgf@hbox=\box36
\pgf@layerbox@main=\box37
\pgf@picture@serial@count=\count149
) (/usr/share/texlive/texmf-dist/tex/generic/pgf/basiclayer/pgfcoregraphicstate.code.tex
File: pgfcoregraphicstate.code.tex 2014/11/02  (rcs-revision 1.12)
\pgflinewidth=\dimen189
) (/usr/share/texlive/texmf-dist/tex/generic/pgf/basiclayer/pgfcoretransformations.code.tex
File: pgfcoretransformations.code.tex 2015/08/07  (rcs-revision 1.20)
\pgf@pt@x=\dimen190
\pgf@pt@y=\dimen191
\pgf@pt@temp=\dimen192
) (/usr/share/texlive/texmf-dist/tex/generic/pgf/basiclayer/pgfcorequick.code.tex
File: pgfcorequick.code.tex 2008/10/09  (rcs-revision 1.3)
) (/usr/share/texlive/texmf-dist/tex/generic/pgf/basiclayer/pgfcoreobjects.code.tex
File: pgfcoreobjects.code.tex 2006/10/11  (rcs-revision 1.2)
)
(/usr/share/texlive/texmf-dist/tex/generic/pgf/basiclayer/pgfcorepathprocessing.code.tex
File: pgfcorepathprocessing.code.tex 2013/09/09  (rcs-revision 1.9)
) (/usr/share/texlive/texmf-dist/tex/generic/pgf/basiclayer/pgfcorearrows.code.tex
File: pgfcorearrows.code.tex 2015/05/14  (rcs-revision 1.43)
\pgfarrowsep=\dimen193
) (/usr/share/texlive/texmf-dist/tex/generic/pgf/basiclayer/pgfcoreshade.code.tex
File: pgfcoreshade.code.tex 2013/07/15  (rcs-revision 1.15)
\pgf@max=\dimen194
\pgf@sys@shading@range@num=\count150
) (/usr/share/texlive/texmf-dist/tex/generic/pgf/basiclayer/pgfcoreimage.code.tex
File: pgfcoreimage.code.tex 2013/07/15  (rcs-revision 1.18)
 (/usr/share/texlive/texmf-dist/tex/generic/pgf/basiclayer/pgfcoreexternal.code.tex
File: pgfcoreexternal.code.tex 2014/07/09  (rcs-revision 1.21)
\pgfexternal@startupbox=\box38
)) (/usr/share/texlive/texmf-dist/tex/generic/pgf/basiclayer/pgfcorelayers.code.tex
File: pgfcorelayers.code.tex 2013/07/18  (rcs-revision 1.7)
) (/usr/share/texlive/texmf-dist/tex/generic/pgf/basiclayer/pgfcoretransparency.code.tex
File: pgfcoretransparency.code.tex 2013/09/30  (rcs-revision 1.5)
) (/usr/share/texlive/texmf-dist/tex/generic/pgf/basiclayer/pgfcorepatterns.code.tex
File: pgfcorepatterns.code.tex 2013/11/07  (rcs-revision 1.5)
))) (/usr/share/texlive/texmf-dist/tex/generic/pgf/modules/pgfmoduleshapes.code.tex
File: pgfmoduleshapes.code.tex 2014/03/21  (rcs-revision 1.35)
\pgfnodeparttextbox=\box39
) (/usr/share/texlive/texmf-dist/tex/generic/pgf/modules/pgfmoduleplot.code.tex
File: pgfmoduleplot.code.tex 2015/08/03  (rcs-revision 1.13)
) (/usr/share/texlive/texmf-dist/tex/latex/pgf/compatibility/pgfcomp-version-0-65.sty
Package: pgfcomp-version-0-65 2007/07/03 v3.0.1a (rcs-revision 1.7)
\pgf@nodesepstart=\dimen195
\pgf@nodesepend=\dimen196
)
(/usr/share/texlive/texmf-dist/tex/latex/pgf/compatibility/pgfcomp-version-1-18.sty
Package: pgfcomp-version-1-18 2007/07/23 v3.0.1a (rcs-revision 1.1)
)) (/usr/share/texmf/tex/latex/preview/preview.sty
Package: preview 2017/04/24 11.91 (AUCTeX/preview-latex)
 (/usr/share/texlive/texmf-dist/tex/generic/luatex85/luatex85.sty
Package: luatex85 2016/06/15 v1.4 pdftex aliases for luatex
) (/usr/share/texmf/tex/latex/preview/prtightpage.def
\PreviewBorder=\dimen197
) (/usr/share/texmf/tex/latex/preview/prauctex.def
No auxiliary output files.


\hbadness=\count151
\hfuzz=\dimen198
(/usr/share/texmf/tex/latex/preview/prauctex.cfg))
\pr@snippet=\count152
\pr@box=\box40
\pr@output=\toks36
) (/usr/share/texlive/texmf-dist/tex/latex/algorithms/algorithm.sty
Package: algorithm 2009/08/24 v0.1 Document Style `algorithm' - floating environment
 (/usr/share/texlive/texmf-dist/tex/latex/float/float.sty
Package: float 2001/11/08 v1.3d Float enhancements (AL)
\c@float@type=\count153
\float@exts=\toks37
\float@box=\box41
\@float@everytoks=\toks38
\@floatcapt=\box42
) (/usr/share/texlive/texmf-dist/tex/latex/base/ifthen.sty
Package: ifthen 2014/09/29 v1.1c Standard LaTeX ifthen package (DPC)
)
\@float@every@algorithm=\toks39
\c@algorithm=\count154
) (/usr/share/texlive/texmf-dist/tex/latex/algorithms/algorithmic.sty
Package: algorithmic 2009/08/24 v0.1 Document Style `algorithmic'
\c@ALC@unique=\count155
\c@ALC@line=\count156
\c@ALC@rem=\count157
\c@ALC@depth=\count158
\ALC@tlm=\skip69
\algorithmicindent=\skip70
) (/usr/share/texlive/texmf-dist/tex/latex/stanli/stanli.sty
Package: stanli 
 (/usr/share/texlive/texmf-dist/tex/latex/pgf/frontendlayer/tikz.sty (/usr/share/texlive/texmf-dist/tex/latex/pgf/utilities/pgffor.sty (/usr/share/texlive/texmf-dist/tex/latex/pgf/utilities/pgfkeys.sty (/usr/share/texlive/texmf-dist/tex/generic/pgf/utilities/pgfkeys.code.tex)) (/usr/share/texlive/texmf-dist/tex/latex/pgf/math/pgfmath.sty (/usr/share/texlive/texmf-dist/tex/generic/pgf/math/pgfmath.code.tex)) (/usr/share/texlive/texmf-dist/tex/generic/pgf/utilities/pgffor.code.tex
Package: pgffor 2013/12/13 v3.0.1a (rcs-revision 1.25)
 (/usr/share/texlive/texmf-dist/tex/generic/pgf/math/pgfmath.code.tex)
\pgffor@iter=\dimen199
\pgffor@skip=\dimen256
\pgffor@stack=\toks40
\pgffor@toks=\toks41
)) (/usr/share/texlive/texmf-dist/tex/generic/pgf/frontendlayer/tikz/tikz.code.tex
Package: tikz 2015/08/07 v3.0.1a (rcs-revision 1.151)

(/usr/share/texlive/texmf-dist/tex/generic/pgf/libraries/pgflibraryplothandlers.code.tex
File: pgflibraryplothandlers.code.tex 2013/08/31 v3.0.1a (rcs-revision 1.20)
\pgf@plot@mark@count=\count159
\pgfplotmarksize=\dimen257
)
\tikz@lastx=\dimen258
\tikz@lasty=\dimen259
\tikz@lastxsaved=\dimen260
\tikz@lastysaved=\dimen261
\tikzleveldistance=\dimen262
\tikzsiblingdistance=\dimen263
\tikz@figbox=\box43
\tikz@figbox@bg=\box44
\tikz@tempbox=\box45
\tikz@tempbox@bg=\box46
\tikztreelevel=\count160
\tikznumberofchildren=\count161
\tikznumberofcurrentchild=\count162
\tikz@fig@count=\count163
 (/usr/share/texlive/texmf-dist/tex/generic/pgf/modules/pgfmodulematrix.code.tex
File: pgfmodulematrix.code.tex 2013/09/17  (rcs-revision 1.8)
\pgfmatrixcurrentrow=\count164
\pgfmatrixcurrentcolumn=\count165
\pgf@matrix@numberofcolumns=\count166
)
\tikz@expandcount=\count167
 (/usr/share/texlive/texmf-dist/tex/generic/pgf/frontendlayer/tikz/libraries/tikzlibrarytopaths.code.tex
File: tikzlibrarytopaths.code.tex 2008/06/17 v3.0.1a (rcs-revision 1.2)
))) (/usr/share/texlive/texmf-dist/tex/latex/xargs/xargs.sty
Package: xargs 2008/03/22 v1.1  extended macro definitions  (mpg)
 (/usr/share/texlive/texmf-dist/tex/latex/xkeyval/xkeyval.sty
Package: xkeyval 2014/12/03 v2.7a package option processing (HA)
 (/usr/share/texlive/texmf-dist/tex/generic/xkeyval/xkeyval.tex (/usr/share/texlive/texmf-dist/tex/generic/xkeyval/xkvutils.tex
\XKV@toks=\toks42
\XKV@tempa@toks=\toks43
)
\XKV@depth=\count168
File: xkeyval.tex 2014/12/03 v2.7a key=value parser (HA)
))
\xargs@max=\count169
\xargs@toksa=\toks44
\xargs@toksb=\toks45
) (/usr/share/texlive/texmf-dist/tex/generic/pgf/frontendlayer/tikz/libraries/tikzlibraryshapes.code.tex
File: tikzlibraryshapes.code.tex 2008/01/09 v3.0.1a (rcs-revision 1.1)
 (/usr/share/texlive/texmf-dist/tex/generic/pgf/frontendlayer/tikz/libraries/tikzlibraryshapes.geometric.code.tex
File: tikzlibraryshapes.geometric.code.tex 2008/01/09 v3.0.1a (rcs-revision 1.1)
 (/usr/share/texlive/texmf-dist/tex/generic/pgf/libraries/shapes/pgflibraryshapes.geometric.code.tex
File: pgflibraryshapes.geometric.code.tex 2008/06/26 v3.0.1a (rcs-revision 1.1)
)) (/usr/share/texlive/texmf-dist/tex/generic/pgf/frontendlayer/tikz/libraries/tikzlibraryshapes.misc.code.tex
File: tikzlibraryshapes.misc.code.tex 2008/01/09 v3.0.1a (rcs-revision 1.1)

(/usr/share/texlive/texmf-dist/tex/generic/pgf/libraries/shapes/pgflibraryshapes.misc.code.tex
File: pgflibraryshapes.misc.code.tex 2013/07/18 v3.0.1a (rcs-revision 1.5)
)) (/usr/share/texlive/texmf-dist/tex/generic/pgf/frontendlayer/tikz/libraries/tikzlibraryshapes.symbols.code.tex
File: tikzlibraryshapes.symbols.code.tex 2008/01/09 v3.0.1a (rcs-revision 1.1)
 (/usr/share/texlive/texmf-dist/tex/generic/pgf/libraries/shapes/pgflibraryshapes.symbols.code.tex
File: pgflibraryshapes.symbols.code.tex 2013/09/11 v3.0.1a (rcs-revision 1.6)
)) (/usr/share/texlive/texmf-dist/tex/generic/pgf/frontendlayer/tikz/libraries/tikzlibraryshapes.arrows.code.tex
File: tikzlibraryshapes.arrows.code.tex 2008/01/09 v3.0.1a (rcs-revision 1.1)
 (/usr/share/texlive/texmf-dist/tex/generic/pgf/libraries/shapes/pgflibraryshapes.arrows.code.tex
File: pgflibraryshapes.arrows.code.tex 2008/06/26 v3.0.1a (rcs-revision 1.1)
)) (/usr/share/texlive/texmf-dist/tex/generic/pgf/frontendlayer/tikz/libraries/tikzlibraryshapes.callouts.code.tex (/usr/share/texlive/texmf-dist/tex/generic/pgf/libraries/shapes/pgflibraryshapes.callouts.code.tex)) (/usr/share/texlive/texmf-dist/tex/generic/pgf/frontendlayer/tikz/libraries/tikzlibraryshapes.multipart.code.tex
File: tikzlibraryshapes.multipart.code.tex 2008/01/09 v3.0.1a (rcs-revision 1.1)
 (/usr/share/texlive/texmf-dist/tex/generic/pgf/libraries/shapes/pgflibraryshapes.multipart.code.tex
File: pgflibraryshapes.multipart.code.tex 2010/01/07 v3.0.1a (rcs-revision 1.2)
\pgfnodepartlowerbox=\box47
\pgfnodeparttwobox=\box48
\pgfnodepartthreebox=\box49
\pgfnodepartfourbox=\box50
\pgfnodeparttwentybox=\box51
\pgfnodepartnineteenbox=\box52
\pgfnodeparteighteenbox=\box53
\pgfnodepartseventeenbox=\box54
\pgfnodepartsixteenbox=\box55
\pgfnodepartfifteenbox=\box56
\pgfnodepartfourteenbox=\box57
\pgfnodepartthirteenbox=\box58
\pgfnodeparttwelvebox=\box59
\pgfnodepartelevenbox=\box60
\pgfnodeparttenbox=\box61
\pgfnodepartninebox=\box62
\pgfnodeparteightbox=\box63
\pgfnodepartsevenbox=\box64
\pgfnodepartsixbox=\box65
\pgfnodepartfivebox=\box66
)))
(/usr/share/texlive/texmf-dist/tex/generic/pgf/frontendlayer/tikz/libraries/tikzlibraryarrows.code.tex
File: tikzlibraryarrows.code.tex 2008/01/09 v3.0.1a (rcs-revision 1.1)
 (/usr/share/texlive/texmf-dist/tex/generic/pgf/libraries/pgflibraryarrows.code.tex
File: pgflibraryarrows.code.tex 2013/09/23 v3.0.1a (rcs-revision 1.16)
\arrowsize=\dimen264
)) (/usr/share/texlive/texmf-dist/tex/generic/pgf/frontendlayer/tikz/libraries/tikzlibrarypositioning.code.tex
File: tikzlibrarypositioning.code.tex 2008/10/06 v3.0.1a (rcs-revision 1.7)
) (/usr/share/texlive/texmf-dist/tex/latex/tools/verbatim.sty
Package: verbatim 2014/10/28 v1.5q LaTeX2e package for verbatim enhancements
\every@verbatim=\toks46
\verbatim@line=\toks47
\verbatim@in@stream=\read2
) (/usr/share/texlive/texmf-dist/tex/generic/pgf/frontendlayer/tikz/libraries/tikzlibraryautomata.code.tex
File: tikzlibraryautomata.code.tex 2008/07/14 v3.0.1a (rcs-revision 1.3)
) (/usr/share/texlive/texmf-dist/tex/generic/pgf/frontendlayer/tikz/libraries/tikzlibrarycalc.code.tex
File: tikzlibrarycalc.code.tex 2013/07/15 v3.0.1a (rcs-revision 1.9)
) (/usr/share/texlive/texmf-dist/tex/generic/pgf/frontendlayer/tikz/libraries/tikzlibrary3d.code.tex
File: tikzlibrary3d.code.tex 2013/07/17 v3.0.1a (rcs-revision 1.2)
) (/usr/share/texlive/texmf-dist/tex/generic/pgf/frontendlayer/tikz/libraries/tikzlibrarydecorations.pathreplacing.code.tex (/usr/share/texlive/texmf-dist/tex/generic/pgf/frontendlayer/tikz/libraries/tikzlibrarydecorations.code.tex (/usr/share/texlive/texmf-dist/tex/generic/pgf/modules/pgfmoduledecorations.code.tex
\pgfdecoratedcompleteddistance=\dimen265
\pgfdecoratedremainingdistance=\dimen266
\pgfdecoratedinputsegmentcompleteddistance=\dimen267
\pgfdecoratedinputsegmentremainingdistance=\dimen268
\pgf@decorate@distancetomove=\dimen269
\pgf@decorate@repeatstate=\count170
\pgfdecorationsegmentamplitude=\dimen270
\pgfdecorationsegmentlength=\dimen271
)
\tikz@lib@dec@box=\box67
)
(/usr/share/texlive/texmf-dist/tex/generic/pgf/libraries/decorations/pgflibrarydecorations.pathreplacing.code.tex)) (/usr/share/texlive/texmf-dist/tex/generic/pgf/frontendlayer/tikz/libraries/tikzlibrarydecorations.pathmorphing.code.tex (/usr/share/texlive/texmf-dist/tex/generic/pgf/libraries/decorations/pgflibrarydecorations.pathmorphing.code.tex)) (/usr/share/texlive/texmf-dist/tex/generic/pgf/frontendlayer/tikz/libraries/tikzlibrarypatterns.code.tex
File: tikzlibrarypatterns.code.tex 2008/01/15 v3.0.1a (rcs-revision 1.2)
 (/usr/share/texlive/texmf-dist/tex/generic/pgf/libraries/pgflibrarypatterns.code.tex
File: pgflibrarypatterns.code.tex 2008/03/03 v3.0.1a (rcs-revision 1.13)
))) (/usr/share/texlive/texmf-dist/tex/latex/units/units.sty
Package: units 1998/08/04 v0.9b Typesetting units
 (/usr/share/texlive/texmf-dist/tex/latex/units/nicefrac.sty
Package: nicefrac 1998/08/04 v0.9b Nice fractions
\L@UnitsRaiseDisplaystyle=\skip71
\L@UnitsRaiseTextstyle=\skip72
\L@UnitsRaiseScriptstyle=\skip73
LaTeX Info: Redefining \nicefrac on input line 131.
))
LaTeX Font Info:    Try loading font information for OT1+ztmcm on input line 126.
 (/usr/share/texlive/texmf-dist/tex/latex/psnfss/ot1ztmcm.fd
File: ot1ztmcm.fd 2000/01/03 Fontinst v1.801 font definitions for OT1/ztmcm.
)
LaTeX Font Info:    Try loading font information for OML+ztmcm on input line 126.
 (/usr/share/texlive/texmf-dist/tex/latex/psnfss/omlztmcm.fd
File: omlztmcm.fd 2000/01/03 Fontinst v1.801 font definitions for OML/ztmcm.
)
LaTeX Font Info:    Try loading font information for OMS+ztmcm on input line 126.
 (/usr/share/texlive/texmf-dist/tex/latex/psnfss/omsztmcm.fd
File: omsztmcm.fd 2000/01/03 Fontinst v1.801 font definitions for OMS/ztmcm.
)
LaTeX Font Info:    Try loading font information for OMX+ztmcm on input line 126.
 (/usr/share/texlive/texmf-dist/tex/latex/psnfss/omxztmcm.fd
File: omxztmcm.fd 2000/01/03 Fontinst v1.801 font definitions for OMX/ztmcm.
)
LaTeX Font Info:    Try loading font information for OT1+ptm on input line 126.
 (/usr/share/texlive/texmf-dist/tex/latex/psnfss/ot1ptm.fd
File: ot1ptm.fd 2001/06/04 font definitions for OT1/ptm.
)
LaTeX Font Info:    Font shape `OT1/ptm/bx/n' in size <10> not available
(Font)              Font shape `OT1/ptm/b/n' tried instead on input line 126.
LaTeX Font Info:    Font shape `OT1/ptm/bx/n' in size <7.4> not available
(Font)              Font shape `OT1/ptm/b/n' tried instead on input line 126.
LaTeX Font Info:    Font shape `OT1/ptm/bx/n' in size <6> not available
(Font)              Font shape `OT1/ptm/b/n' tried instead on input line 126.
LaTeX Font Info:    Try loading font information for U+msa on input line 126.

(/usr/share/texlive/texmf-dist/tex/latex/amsfonts/umsa.fd
File: umsa.fd 2013/01/14 v3.01 AMS symbols A
)
LaTeX Font Info:    Try loading font information for U+msb on input line 126.
 (/usr/share/texlive/texmf-dist/tex/latex/amsfonts/umsb.fd
File: umsb.fd 2013/01/14 v3.01 AMS symbols B
)
LaTeX Font Info:    Try loading font information for U+rsfs on input line 126.
 (/usr/share/texlive/texmf-dist/tex/latex/jknapltx/ursfs.fd
File: ursfs.fd 1998/03/24 rsfs font definition file (jk)
)
LaTeX Font Info:    Font shape `OT1/ptm/bx/it' in size <10> not available
(Font)              Font shape `OT1/ptm/b/it' tried instead on input line 126.
 )
Beginning to dump on file prv_main.fmt
 (preloaded format=prv_main 2020.2.21)
29373 strings of total length 563714
560084 memory locations dumped; current usage is 372&557861
25429 multiletter control sequences
\font\nullfont=nullfont
\font\OMX/cmex/m/n/10=cmex10
\font\tenln=line10
\font\tenlnw=linew10
\font\tencirc=lcircle10
\font\tencircw=lcirclew10
\font\OT1/cmr/m/n/5=cmr5
\font\OT1/cmr/m/n/7=cmr7
\font\OT1/cmr/m/n/10=cmr10
\font\OML/cmm/m/it/5=cmmi5
\font\OML/cmm/m/it/7=cmmi7
\font\OML/cmm/m/it/10=cmmi10
\font\OMS/cmsy/m/n/5=cmsy5
\font\OMS/cmsy/m/n/7=cmsy7
\font\OMS/cmsy/m/n/10=cmsy10
\font\OT1/ztmcm/m/n/10=zptmcm7t
\font\OT1/ztmcm/m/n/7.4=zptmcm7t at 7.4pt
\font\OT1/ztmcm/m/n/6=zptmcm7t at 6.0pt
\font\OML/ztmcm/m/it/10=zptmcm7m
\font\OML/ztmcm/m/it/7.4=zptmcm7m at 7.4pt
\font\OML/ztmcm/m/it/6=zptmcm7m at 6.0pt
\font\OMS/ztmcm/m/n/10=zptmcm7y
\font\OMS/ztmcm/m/n/7.4=zptmcm7y at 7.4pt
\font\OMS/ztmcm/m/n/6=zptmcm7y at 6.0pt
\font\OMX/ztmcm/m/n/10=zptmcm7v
\font\OMX/ztmcm/m/n/7.4=zptmcm7v at 7.4pt
\font\OMX/ztmcm/m/n/6=zptmcm7v at 6.0pt
\font\OT1/ptm/b/n/10=ptmb7t
\font\OT1/ptm/b/n/7.4=ptmb7t at 7.4pt
\font\OT1/ptm/b/n/6=ptmb7t at 6.0pt
\font\OT1/ptm/m/it/10=ptmri7t
\font\OT1/ptm/m/it/7.4=ptmri7t at 7.4pt
\font\OT1/ptm/m/it/6=ptmri7t at 6.0pt
\font\U/msa/m/n/10=msam10
\font\U/msa/m/n/7.4=msam7 at 7.4pt
\font\U/msa/m/n/6=msam7 at 6.0pt
\font\U/msb/m/n/10=msbm10
\font\U/msb/m/n/7.4=msbm7 at 7.4pt
\font\U/msb/m/n/6=msbm7 at 6.0pt
\font\U/rsfs/m/n/10=rsfs10
\font\U/rsfs/m/n/7=rsfs7
\font\U/rsfs/m/n/6=rsfs5 at 6.0pt
\font\OT1/ptm/m/n/10=ptmr7t
\font\OT1/ptm/m/n/12=ptmr7t at 12.0pt
\font\OT1/ptm/m/n/8.5=ptmr7t at 8.5pt
\font\OT1/ptm/b/it/10=ptmbi7t
\font\OT1/cmtt/m/n/10=cmtt10
\font\OT1/cmss/m/n/10=cmss10
16031 words of font info for 47 preloaded fonts
1141 hyphenation exceptions
Hyphenation trie of length 365160 has 8857 ops out of 35111
  138 for language 83
  137 for language 82
  21 for language 80
  207 for language 77
  37 for language 76
  113 for language 73
  497 for language 72
  43 for language 71
  18 for language 70
  5 for language 69
  7 for language 67
  110 for language 66
  60 for language 64
  21 for language 63
  76 for language 62
  147 for language 61
  235 for language 60
  145 for language 59
  25 for language 58
  40 for language 57
  58 for language 56
  36 for language 54
  148 for language 53
  66 for language 52
  127 for language 50
  852 for language 49
  14 for language 48
  97 for language 46
  23 for language 45
  38 for language 42
  377 for language 41
  31 for language 39
  63 for language 38
  105 for language 37
  21 for language 36
  525 for language 35
  265 for language 34
  143 for language 33
  852 for language 32
  39 for language 30
  12 for language 29
  19 for language 28
  89 for language 27
  50 for language 26
  201 for language 25
  77 for language 24
  12 for language 22
  38 for language 21
  248 for language 20
  194 for language 19
  185 for language 18
  183 for language 17
  229 for language 16
  58 for language 15
  119 for language 14
  71 for language 13
  27 for language 12
  52 for language 10
  2 for language 9
  62 for language 7
  224 for language 6
  516 for language 5
  37 for language 4
  7 for language 3
  2 for language 1
  181 for language 0
0 words of pdfTeX memory
3 indirect objects
No pages of output.
PDF statistics:
 3 PDF objects out of 1000 (max. 8388607)
 0 named destinations out of 1000 (max. 500000)
 1 words of extra memory for PDF output out of 10000 (max. 10000000)

